2020-12-03 01:25:54 Info: Cake Authorization plugin is enabled. If you would like to force DebugKit to ignore it, set `DebugKit.ignoreAuthorization`  Configure option to true.
2020-12-03 01:26:53 Info: Cake Authorization plugin is enabled. If you would like to force DebugKit to ignore it, set `DebugKit.ignoreAuthorization`  Configure option to true.
2020-12-03 01:26:55 Info: Cake Authorization plugin is enabled. If you would like to force DebugKit to ignore it, set `DebugKit.ignoreAuthorization`  Configure option to true.
2020-12-03 01:26:58 Info: Cake Authorization plugin is enabled. If you would like to force DebugKit to ignore it, set `DebugKit.ignoreAuthorization`  Configure option to true.
2020-12-03 01:27:00 Info: Cake Authorization plugin is enabled. If you would like to force DebugKit to ignore it, set `DebugKit.ignoreAuthorization`  Configure option to true.
2020-12-03 01:27:05 Info: Cake Authorization plugin is enabled. If you would like to force DebugKit to ignore it, set `DebugKit.ignoreAuthorization`  Configure option to true.
2020-12-03 01:29:10 Info: Cake Authorization plugin is enabled. If you would like to force DebugKit to ignore it, set `DebugKit.ignoreAuthorization`  Configure option to true.
2020-12-03 01:29:14 Info: Cake Authorization plugin is enabled. If you would like to force DebugKit to ignore it, set `DebugKit.ignoreAuthorization`  Configure option to true.
2020-12-03 01:29:51 Info: Cake Authorization plugin is enabled. If you would like to force DebugKit to ignore it, set `DebugKit.ignoreAuthorization`  Configure option to true.
2020-12-03 01:30:00 Info: Cake Authorization plugin is enabled. If you would like to force DebugKit to ignore it, set `DebugKit.ignoreAuthorization`  Configure option to true.
2020-12-03 01:32:16 Info: Cake Authorization plugin is enabled. If you would like to force DebugKit to ignore it, set `DebugKit.ignoreAuthorization`  Configure option to true.
2020-12-03 01:32:24 Info: Cake Authorization plugin is enabled. If you would like to force DebugKit to ignore it, set `DebugKit.ignoreAuthorization`  Configure option to true.
2020-12-03 01:35:36 Info: Cake Authorization plugin is enabled. If you would like to force DebugKit to ignore it, set `DebugKit.ignoreAuthorization`  Configure option to true.
2020-12-03 01:37:06 Info: Cake Authorization plugin is enabled. If you would like to force DebugKit to ignore it, set `DebugKit.ignoreAuthorization`  Configure option to true.
2020-12-03 01:37:08 Info: Cake Authorization plugin is enabled. If you would like to force DebugKit to ignore it, set `DebugKit.ignoreAuthorization`  Configure option to true.
2020-12-03 01:38:14 Info: Cake Authorization plugin is enabled. If you would like to force DebugKit to ignore it, set `DebugKit.ignoreAuthorization`  Configure option to true.
2020-12-03 01:38:23 Info: Cake Authorization plugin is enabled. If you would like to force DebugKit to ignore it, set `DebugKit.ignoreAuthorization`  Configure option to true.
2020-12-03 01:39:28 Info: Cake Authorization plugin is enabled. If you would like to force DebugKit to ignore it, set `DebugKit.ignoreAuthorization`  Configure option to true.
2020-12-03 01:39:31 Info: Cake Authorization plugin is enabled. If you would like to force DebugKit to ignore it, set `DebugKit.ignoreAuthorization`  Configure option to true.
2020-12-03 01:40:01 Info: Cake Authorization plugin is enabled. If you would like to force DebugKit to ignore it, set `DebugKit.ignoreAuthorization`  Configure option to true.
2020-12-03 01:40:17 Info: Cake Authorization plugin is enabled. If you would like to force DebugKit to ignore it, set `DebugKit.ignoreAuthorization`  Configure option to true.
2020-12-03 01:40:25 Info: Cake Authorization plugin is enabled. If you would like to force DebugKit to ignore it, set `DebugKit.ignoreAuthorization`  Configure option to true.
2020-12-03 01:40:28 Info: Cake Authorization plugin is enabled. If you would like to force DebugKit to ignore it, set `DebugKit.ignoreAuthorization`  Configure option to true.
2020-12-03 01:40:49 Info: Cake Authorization plugin is enabled. If you would like to force DebugKit to ignore it, set `DebugKit.ignoreAuthorization`  Configure option to true.
2020-12-03 01:40:55 Info: Cake Authorization plugin is enabled. If you would like to force DebugKit to ignore it, set `DebugKit.ignoreAuthorization`  Configure option to true.
2020-12-03 01:41:12 Info: Cake Authorization plugin is enabled. If you would like to force DebugKit to ignore it, set `DebugKit.ignoreAuthorization`  Configure option to true.
2020-12-03 01:50:26 Info: Cake Authorization plugin is enabled. If you would like to force DebugKit to ignore it, set `DebugKit.ignoreAuthorization`  Configure option to true.
2020-12-03 01:50:41 Info: Cake Authorization plugin is enabled. If you would like to force DebugKit to ignore it, set `DebugKit.ignoreAuthorization`  Configure option to true.
2020-12-03 01:50:46 Info: Cake Authorization plugin is enabled. If you would like to force DebugKit to ignore it, set `DebugKit.ignoreAuthorization`  Configure option to true.
2020-12-03 01:50:53 Info: Cake Authorization plugin is enabled. If you would like to force DebugKit to ignore it, set `DebugKit.ignoreAuthorization`  Configure option to true.
2020-12-03 01:51:08 Info: Cake Authorization plugin is enabled. If you would like to force DebugKit to ignore it, set `DebugKit.ignoreAuthorization`  Configure option to true.
2020-12-03 01:51:12 Info: Cake Authorization plugin is enabled. If you would like to force DebugKit to ignore it, set `DebugKit.ignoreAuthorization`  Configure option to true.
2020-12-03 01:51:21 Info: Cake Authorization plugin is enabled. If you would like to force DebugKit to ignore it, set `DebugKit.ignoreAuthorization`  Configure option to true.
2020-12-03 01:51:29 Info: Cake Authorization plugin is enabled. If you would like to force DebugKit to ignore it, set `DebugKit.ignoreAuthorization`  Configure option to true.
2020-12-03 01:52:33 Info: Cake Authorization plugin is enabled. If you would like to force DebugKit to ignore it, set `DebugKit.ignoreAuthorization`  Configure option to true.
2020-12-03 01:55:32 Info: Cake Authorization plugin is enabled. If you would like to force DebugKit to ignore it, set `DebugKit.ignoreAuthorization`  Configure option to true.
2020-12-03 01:55:34 Info: Cake Authorization plugin is enabled. If you would like to force DebugKit to ignore it, set `DebugKit.ignoreAuthorization`  Configure option to true.
2020-12-03 01:56:20 Info: Cake Authorization plugin is enabled. If you would like to force DebugKit to ignore it, set `DebugKit.ignoreAuthorization`  Configure option to true.
2020-12-03 01:56:23 Info: Cake Authorization plugin is enabled. If you would like to force DebugKit to ignore it, set `DebugKit.ignoreAuthorization`  Configure option to true.
2020-12-03 01:57:31 Info: Cake Authorization plugin is enabled. If you would like to force DebugKit to ignore it, set `DebugKit.ignoreAuthorization`  Configure option to true.
2020-12-03 01:57:33 Info: Cake Authorization plugin is enabled. If you would like to force DebugKit to ignore it, set `DebugKit.ignoreAuthorization`  Configure option to true.
2020-12-03 01:57:38 Info: Cake Authorization plugin is enabled. If you would like to force DebugKit to ignore it, set `DebugKit.ignoreAuthorization`  Configure option to true.
2020-12-03 01:59:08 Notice: Notice (8): Undefined property: App\Application::$Flash in [D:\SEMESTRE 6\CS\CSP\Farmacia\Farmacia\src\Application.php, line 180]
Request URL: /users/add
Referer URL: http://localhost/Farmacia/Farmacia/users
Trace:
Cake\Error\BaseErrorHandler::handleError() - CORE\src\Error\BaseErrorHandler.php, line 188
DebugKit\Plugin::DebugKit\{closure}() - ROOT\vendor\cakephp\debug_kit\src\Plugin.php, line 105
App\Application::getAuthorizationService() - APP/Application.php, line 180
Authorization\Middleware\AuthorizationMiddleware::getAuthorizationService() - ROOT\vendor\cakephp\authorization\src\Middleware\AuthorizationMiddleware.php, line 178
Authorization\Middleware\AuthorizationMiddleware::process() - ROOT\vendor\cakephp\authorization\src\Middleware\AuthorizationMiddleware.php, line 117
Cake\Http\Runner::handle() - CORE\src\Http\Runner.php, line 73
Cake\Http\Middleware\CsrfProtectionMiddleware::process() - CORE\src\Http\Middleware\CsrfProtectionMiddleware.php, line 156
Cake\Http\Runner::handle() - CORE\src\Http\Runner.php, line 73
Cake\Http\Middleware\BodyParserMiddleware::process() - CORE\src\Http\Middleware\BodyParserMiddleware.php, line 159
Cake\Http\Runner::handle() - CORE\src\Http\Runner.php, line 73
Authentication\Middleware\AuthenticationMiddleware::process() - ROOT\vendor\cakephp\authentication\src\Middleware\AuthenticationMiddleware.php, line 124
Cake\Http\Runner::handle() - CORE\src\Http\Runner.php, line 73
Cake\Routing\Middleware\RoutingMiddleware::process() - CORE\src\Routing\Middleware\RoutingMiddleware.php, line 166
Cake\Http\Runner::handle() - CORE\src\Http\Runner.php, line 73
Cake\Routing\Middleware\AssetMiddleware::process() - CORE\src\Routing\Middleware\AssetMiddleware.php, line 68
Cake\Http\Runner::handle() - CORE\src\Http\Runner.php, line 73
Cake\Error\Middleware\ErrorHandlerMiddleware::process() - CORE\src\Error\Middleware\ErrorHandlerMiddleware.php, line 121
Cake\Http\Runner::handle() - CORE\src\Http\Runner.php, line 73
DebugKit\Middleware\DebugKitMiddleware::process() - ROOT\vendor\cakephp\debug_kit\src\Middleware\DebugKitMiddleware.php, line 60
Cake\Http\Runner::handle() - CORE\src\Http\Runner.php, line 73
Cake\Http\Runner::run() - CORE\src\Http\Runner.php, line 58
Cake\Http\Server::run() - CORE\src\Http\Server.php, line 90
[main] - ROOT\webroot\index.php, line 40

2020-12-03 01:59:09 Notice: Notice (8): Undefined property: App\Application::$Flash in [D:\SEMESTRE 6\CS\CSP\Farmacia\Farmacia\src\Application.php, line 180]
Request URL: /debug-kit/toolbar/65de3ba2-30d9-40a4-bcc6-397dcd7d3b34
Referer URL: http://localhost/Farmacia/Farmacia/users/add
Trace:
Cake\Error\BaseErrorHandler::handleError() - CORE\src\Error\BaseErrorHandler.php, line 188
DebugKit\Plugin::DebugKit\{closure}() - ROOT\vendor\cakephp\debug_kit\src\Plugin.php, line 105
App\Application::getAuthorizationService() - APP/Application.php, line 180
Authorization\Middleware\AuthorizationMiddleware::getAuthorizationService() - ROOT\vendor\cakephp\authorization\src\Middleware\AuthorizationMiddleware.php, line 178
Authorization\Middleware\AuthorizationMiddleware::process() - ROOT\vendor\cakephp\authorization\src\Middleware\AuthorizationMiddleware.php, line 117
Cake\Http\Runner::handle() - CORE\src\Http\Runner.php, line 73
Cake\Http\Middleware\CsrfProtectionMiddleware::process() - CORE\src\Http\Middleware\CsrfProtectionMiddleware.php, line 156
Cake\Http\Runner::handle() - CORE\src\Http\Runner.php, line 73
Cake\Http\Middleware\BodyParserMiddleware::process() - CORE\src\Http\Middleware\BodyParserMiddleware.php, line 159
Cake\Http\Runner::handle() - CORE\src\Http\Runner.php, line 73
Authentication\Middleware\AuthenticationMiddleware::process() - ROOT\vendor\cakephp\authentication\src\Middleware\AuthenticationMiddleware.php, line 124
Cake\Http\Runner::handle() - CORE\src\Http\Runner.php, line 73
Cake\Routing\Middleware\RoutingMiddleware::process() - CORE\src\Routing\Middleware\RoutingMiddleware.php, line 166
Cake\Http\Runner::handle() - CORE\src\Http\Runner.php, line 73
Cake\Routing\Middleware\AssetMiddleware::process() - CORE\src\Routing\Middleware\AssetMiddleware.php, line 68
Cake\Http\Runner::handle() - CORE\src\Http\Runner.php, line 73
Cake\Error\Middleware\ErrorHandlerMiddleware::process() - CORE\src\Error\Middleware\ErrorHandlerMiddleware.php, line 121
Cake\Http\Runner::handle() - CORE\src\Http\Runner.php, line 73
DebugKit\Middleware\DebugKitMiddleware::process() - ROOT\vendor\cakephp\debug_kit\src\Middleware\DebugKitMiddleware.php, line 60
Cake\Http\Runner::handle() - CORE\src\Http\Runner.php, line 73
Cake\Http\Runner::run() - CORE\src\Http\Runner.php, line 58
Cake\Http\Server::run() - CORE\src\Http\Server.php, line 90
[main] - ROOT\webroot\index.php, line 40

2020-12-03 02:09:20 Info: Cake Authorization plugin is enabled. If you would like to force DebugKit to ignore it, set `DebugKit.ignoreAuthorization`  Configure option to true.
2020-12-03 02:10:22 Info: Cake Authorization plugin is enabled. If you would like to force DebugKit to ignore it, set `DebugKit.ignoreAuthorization`  Configure option to true.
2020-12-03 02:10:24 Info: Cake Authorization plugin is enabled. If you would like to force DebugKit to ignore it, set `DebugKit.ignoreAuthorization`  Configure option to true.
2020-12-03 02:10:30 Info: Cake Authorization plugin is enabled. If you would like to force DebugKit to ignore it, set `DebugKit.ignoreAuthorization`  Configure option to true.
2020-12-03 02:10:48 Info: Cake Authorization plugin is enabled. If you would like to force DebugKit to ignore it, set `DebugKit.ignoreAuthorization`  Configure option to true.
2020-12-03 02:11:19 Info: Cake Authorization plugin is enabled. If you would like to force DebugKit to ignore it, set `DebugKit.ignoreAuthorization`  Configure option to true.
2020-12-03 02:11:35 Info: Cake Authorization plugin is enabled. If you would like to force DebugKit to ignore it, set `DebugKit.ignoreAuthorization`  Configure option to true.
2020-12-03 02:11:39 Info: Cake Authorization plugin is enabled. If you would like to force DebugKit to ignore it, set `DebugKit.ignoreAuthorization`  Configure option to true.
2020-12-03 02:15:49 Info: Cake Authorization plugin is enabled. If you would like to force DebugKit to ignore it, set `DebugKit.ignoreAuthorization`  Configure option to true.
2020-12-03 02:20:27 Info: Cake Authorization plugin is enabled. If you would like to force DebugKit to ignore it, set `DebugKit.ignoreAuthorization`  Configure option to true.
2020-12-03 02:21:28 Info: Cake Authorization plugin is enabled. If you would like to force DebugKit to ignore it, set `DebugKit.ignoreAuthorization`  Configure option to true.
2020-12-03 02:21:33 Info: Cake Authorization plugin is enabled. If you would like to force DebugKit to ignore it, set `DebugKit.ignoreAuthorization`  Configure option to true.
2020-12-03 02:21:35 Info: Cake Authorization plugin is enabled. If you would like to force DebugKit to ignore it, set `DebugKit.ignoreAuthorization`  Configure option to true.
